<?xml version="1.0" encoding="UTF-8"?>
<!-- Generated by org.testng.reporters.JUnitXMLReporter -->
<testsuite ignored="0" hostname="home" failures="0" tests="4" name="Testproblem" time="7.021" errors="0" timestamp="2023-09-03T01:17:36 EDT">
  <testcase classname="com.agile.saucedemo.testsScript.TestngClass2" name="userLogin2" time="0.125"/>
  <testcase classname="com.agile.saucedemo.testsScript.TestngClass2" name="password2" time="0.056"/>
  <testcase classname="com.agile.saucedemo.testsScript.TestngClass2" name="loginInp3" time="0.082"/>
  <testcase classname="com.agile.saucedemo.testsScript.TestngClass2" name="tearDown" time="0.01"/>
</testsuite> <!-- Testproblem -->
