<?xml version="1.0" encoding="UTF-8"?>
<!-- Generated by org.testng.reporters.JUnitXMLReporter -->
<testsuite ignored="0" hostname="home" failures="0" tests="3" name="Test1" time="7.676" errors="0" timestamp="2023-09-02T23:17:44 EDT">
  <testcase classname="com.agile.saucedemo.testsScript.TestngClass2" name="loginInp3" time="0.082"/>
  <testcase classname="com.agile.saucedemo.testsScript.TestngClass2" name="password2" time="0.086"/>
  <testcase classname="com.agile.saucedemo.testsScript.TestngClass2" name="userLogin2" time="0.069"/>
</testsuite> <!-- Test1 -->
