<?xml version="1.0" encoding="UTF-8"?>
<!-- Generated by org.testng.reporters.JUnitXMLReporter -->
<testsuite ignored="0" hostname="home" failures="0" tests="4" name="Teststanderd" time="7.655" errors="0" timestamp="2023-09-03T01:17:29 EDT">
  <testcase classname="com.agile.saucedemo.testsScript.TestngClass2" name="userLogin2" time="0.103"/>
  <testcase classname="com.agile.saucedemo.testsScript.TestngClass2" name="password2" time="0.054"/>
  <testcase classname="com.agile.saucedemo.testsScript.TestngClass2" name="loginInp3" time="0.08"/>
  <testcase classname="com.agile.saucedemo.testsScript.TestngClass2" name="tearDown" time="0.014"/>
</testsuite> <!-- Teststanderd -->
